  Abilities.cpp
  AI.cpp
  Animation.cpp
  CameraMoveFilter.cpp
  Creature.cpp
  CreatureRenderer.cpp
  Hud.cpp
  HudRenderer.cpp
HudRenderer.cpp(18): warning C4244: 'argument': conversion from 'float' to 'int', possible loss of data
  LightRenderer.cpp
  LightTile.cpp
  Order.cpp
  SpriteEffect.cpp
  SpriteEffectRenderer.cpp
  TesterHud.cpp
  TesterHudRenderer.cpp
TesterHudRenderer.cpp(19): warning C4244: 'argument': conversion from 'float' to 'int', possible loss of data
  TextureArray.cpp
  EventAdapter.cpp
  Game.cpp
  Map.cpp
  SpriteAdapter.cpp
  Compiling...
  Square.cpp
  TextureAdapter.cpp
  Tile.cpp
  TileRenderer.cpp
  Vector2.cpp
  WindowAdapter.cpp
  main.cpp
  Scene.cpp
  Generating code
  399 of 711 functions (56.1%) were compiled, the rest were copied from previous compilation.
    229 functions were new in current compilation
    52 functions had inline decision re-evaluated but remain unchanged
  Finished generating code
  Project-Cerberus-v4.vcxproj -> C:\Projects\Project-Cerberus-v4\Release\Project-Cerberus-v4.exe
  Project-Cerberus-v4.vcxproj -> C:\Projects\Project-Cerberus-v4\Release\Project-Cerberus-v4.pdb (Full PDB)
